2021-02-15 20:53:35.282 INFO [main]com.jh.lovespace.LovespaceApplication.logStarting:55 -Starting LovespaceApplication on MacBook-Pro-2.local with PID 67237 (/Users/jiangjuchao/IdeaProjects/lovespace/target/classes started by jiangjuchao in /Users/jiangjuchao/IdeaProjects/lovespace)
2021-02-15 20:53:35.284 INFO [main]com.jh.lovespace.LovespaceApplication.logStartupProfileInfo:651 -No active profile set, falling back to default profiles: default
2021-02-15 20:53:35.709 WARN [main]tk.mybatis.spring.mapper.ClassPathMapperScanner.doScan:142 -No MyBatis mapper was found in '[com.jh.lovespace]' package. Please check your configuration.
2021-02-15 20:53:36.092 INFO [main]o.s.boot.web.embedded.tomcat.TomcatWebServer.initialize:108 -Tomcat initialized with port(s): 8080 (http)
2021-02-15 20:53:36.099 INFO [main]org.apache.coyote.http11.Http11NioProtocol.log:173 -Initializing ProtocolHandler ["http-nio-8080"]
2021-02-15 20:53:36.099 INFO [main]org.apache.catalina.core.StandardService.log:173 -Starting service [Tomcat]
2021-02-15 20:53:36.099 INFO [main]org.apache.catalina.core.StandardEngine.log:173 -Starting Servlet engine: [Apache Tomcat/9.0.37]
2021-02-15 20:53:36.156 INFO [main]o.a.catalina.core.ContainerBase.[Tomcat].[localhost].[/].log:173 -Initializing Spring embedded WebApplicationContext
2021-02-15 20:53:36.156 INFO [main]o.s.b.w.s.context.ServletWebServerApplicationContext.prepareWebApplicationContext:285 -Root WebApplicationContext: initialization completed in 829 ms
2021-02-15 20:53:36.435 INFO [main]o.s.scheduling.concurrent.ThreadPoolTaskExecutor.initialize:181 -Initializing ExecutorService 'applicationTaskExecutor'
2021-02-15 20:53:36.582 INFO [main]org.apache.coyote.http11.Http11NioProtocol.log:173 -Starting ProtocolHandler ["http-nio-8080"]
2021-02-15 20:53:36.602 INFO [main]o.s.boot.web.embedded.tomcat.TomcatWebServer.start:220 -Tomcat started on port(s): 8080 (http) with context path ''
2021-02-15 20:53:36.612 INFO [main]com.jh.lovespace.LovespaceApplication.logStarted:61 -Started LovespaceApplication in 1.64 seconds (JVM running for 2.165)
2021-02-15 20:54:16.844 INFO [http-nio-8080-exec-1]o.a.catalina.core.ContainerBase.[Tomcat].[localhost].[/].log:173 -Initializing Spring DispatcherServlet 'dispatcherServlet'
2021-02-15 20:54:16.845 INFO [http-nio-8080-exec-1]org.springframework.web.servlet.DispatcherServlet.initServletBean:525 -Initializing Servlet 'dispatcherServlet'
2021-02-15 20:54:16.850 INFO [http-nio-8080-exec-1]org.springframework.web.servlet.DispatcherServlet.initServletBean:547 -Completed initialization in 5 ms
2021-02-15 20:54:16.863 INFO [http-nio-8080-exec-1]com.jh.lovespace.controller.HelloController.hello:23 -我是info
2021-02-15 20:54:22.262 INFO [http-nio-8080-exec-3]com.alibaba.druid.pool.DruidDataSource.init:922 -{dataSource-1} inited
2021-02-15 20:54:29.766 INFO [SpringContextShutdownHook]o.s.scheduling.concurrent.ThreadPoolTaskExecutor.shutdown:218 -Shutting down ExecutorService 'applicationTaskExecutor'
2021-02-15 20:54:29.769 INFO [SpringContextShutdownHook]com.alibaba.druid.pool.DruidDataSource.close:1817 -{dataSource-1} closed
